<?xml version="1.0" encoding="UTF-8"?>
<testng-results skipped="0" failed="0" ignored="0" total="1" passed="1">
  <reporter-output>
    <line>
      <![CDATA[
Application url is :- http://10.0.1.86/tatoc]]>
    </line>
    <line>
      <![CDATA[User is on Application Page]]>
    </line>
  </reporter-output>
  <suite name="CMR Smoke Test" duration-ms="123041" started-at="2019-09-23T15:15:29 IST" finished-at="2019-09-23T15:17:32 IST">
    <groups>
    </groups>
    <test name="tatoc_test" duration-ms="123041" started-at="2019-09-23T15:15:29 IST" finished-at="2019-09-23T15:17:32 IST">
      <class name="com.org.tatoc.AppTest">
        <test-method status="PASS" signature="handleTestMethodName(java.lang.reflect.Method)[pri:0, instance:com.org.tatoc.AppTest@61f8bee4]" name="handleTestMethodName" is-config="true" duration-ms="7903" started-at="2019-09-23T15:15:29 IST" finished-at="2019-09-23T15:15:37 IST">
          <params>
            <param index="0">
              <value>
                <![CDATA[public void com.org.tatoc.AppTest.taToc()]]>
              </value>
            </param>
          </params>
          <reporter-output>
            <line>
              <![CDATA[
Application url is :- http://10.0.1.86/tatoc]]>
            </line>
            <line>
              <![CDATA[User is on Application Page]]>
            </line>
          </reporter-output>
        </test-method> <!-- handleTestMethodName -->
        <test-method status="PASS" signature="taToc()[pri:0, instance:com.org.tatoc.AppTest@61f8bee4]" name="taToc" duration-ms="114948" started-at="2019-09-23T15:15:37 IST" finished-at="2019-09-23T15:17:32 IST">
          <reporter-output>
          </reporter-output>
        </test-method> <!-- taToc -->
        <test-method status="PASS" signature="closeDriver()[pri:0, instance:com.org.tatoc.AppTest@61f8bee4]" name="closeDriver" is-config="true" duration-ms="149" started-at="2019-09-23T15:17:32 IST" finished-at="2019-09-23T15:17:32 IST">
          <reporter-output>
          </reporter-output>
        </test-method> <!-- closeDriver -->
      </class> <!-- com.org.tatoc.AppTest -->
    </test> <!-- tatoc_test -->
  </suite> <!-- CMR Smoke Test -->
</testng-results>
